This is pdfTeX, Version 3.14159265-2.6-1.40.15 (TeX Live 2014) (preloaded format=pdflatex 2014.10.22)  2 MAR 2015 23:50
entering extended mode
 restricted \write18 enabled.
 file:line:error style messages enabled.
 %&-line parsing enabled.
**selected_alliances_summary.tex
(./selected_alliances_summary.tex
LaTeX2e <2014/05/01>
Babel <3.9k> and hyphenation patterns for 21 languages loaded.
(/usr/local/texlive/2014basic/texmf-dist/tex/latex/base/article.cls
Document Class: article 2007/10/19 v1.4h Standard LaTeX document class
(/usr/local/texlive/2014basic/texmf-dist/tex/latex/base/size10.clo
File: size10.clo 2007/10/19 v1.4h Standard LaTeX file (size option)
)
\c@part=\count79
\c@section=\count80
\c@subsection=\count81
\c@subsubsection=\count82
\c@paragraph=\count83
\c@subparagraph=\count84
\c@figure=\count85
\c@table=\count86
\abovecaptionskip=\skip41
\belowcaptionskip=\skip42
\bibindent=\dimen102
)
(/usr/local/texlive/2014basic/texmf-dist/tex/latex/geometry/geometry.sty
Package: geometry 2010/09/12 v5.6 Page Geometry

(/usr/local/texlive/2014basic/texmf-dist/tex/latex/graphics/keyval.sty
Package: keyval 2014/05/08 v1.15 key=value parser (DPC)
\KV@toks@=\toks14
)
(/usr/local/texlive/2014basic/texmf-dist/tex/generic/oberdiek/ifpdf.sty
Package: ifpdf 2011/01/30 v2.3 Provides the ifpdf switch (HO)
Package ifpdf Info: pdfTeX in PDF mode is detected.
)
(/usr/local/texlive/2014basic/texmf-dist/tex/generic/oberdiek/ifvtex.sty
Package: ifvtex 2010/03/01 v1.5 Detect VTeX and its facilities (HO)
Package ifvtex Info: VTeX not detected.
)
(/usr/local/texlive/2014basic/texmf-dist/tex/generic/ifxetex/ifxetex.sty
Package: ifxetex 2010/09/12 v0.6 Provides ifxetex conditional
)
\Gm@cnth=\count87
\Gm@cntv=\count88
\c@Gm@tempcnt=\count89
\Gm@bindingoffset=\dimen103
\Gm@wd@mp=\dimen104
\Gm@odd@mp=\dimen105
\Gm@even@mp=\dimen106
\Gm@layoutwidth=\dimen107
\Gm@layoutheight=\dimen108
\Gm@layouthoffset=\dimen109
\Gm@layoutvoffset=\dimen110
\Gm@dimlist=\toks15
)
(/usr/local/texlive/2014basic/texmf-dist/tex/generic/babel/babel.sty
Package: babel 2014/03/24 3.9k The Babel package

(/usr/local/texlive/2014basic/texmf-dist/tex/generic/babel-english/english.ldf
Language: english 2012/08/20 v3.3p English support from the babel system

(/usr/local/texlive/2014basic/texmf-dist/tex/generic/babel/babel.def
File: babel.def 2014/03/24 3.9k Babel common definitions
\babel@savecnt=\count90
\U@D=\dimen111
)
\l@canadian = a dialect from \language\l@american 
\l@australian = a dialect from \language\l@british 
\l@newzealand = a dialect from \language\l@british 
))
(/usr/local/texlive/2014basic/texmf-dist/tex/latex/tools/longtable.sty
Package: longtable 2004/02/01 v4.11 Multi-page Table package (DPC)
\LTleft=\skip43
\LTright=\skip44
\LTpre=\skip45
\LTpost=\skip46
\LTchunksize=\count91
\LTcapwidth=\dimen112
\LT@head=\box26
\LT@firsthead=\box27
\LT@foot=\box28
\LT@lastfoot=\box29
\LT@cols=\count92
\LT@rows=\count93
\c@LT@tables=\count94
\c@LT@chunks=\count95
\LT@p@ftn=\toks16
)
(/usr/local/texlive/2014basic/texmf-dist/tex/latex/booktabs/booktabs.sty
Package: booktabs 2005/04/14 v1.61803 publication quality tables
\heavyrulewidth=\dimen113
\lightrulewidth=\dimen114
\cmidrulewidth=\dimen115
\belowrulesep=\dimen116
\belowbottomsep=\dimen117
\aboverulesep=\dimen118
\abovetopsep=\dimen119
\cmidrulesep=\dimen120
\cmidrulekern=\dimen121
\defaultaddspace=\dimen122
\@cmidla=\count96
\@cmidlb=\count97
\@aboverulesep=\dimen123
\@belowrulesep=\dimen124
\@thisruleclass=\count98
\@lastruleclass=\count99
\@thisrulewidth=\dimen125
)
(/usr/local/texlive/2014basic/texmf-dist/tex/latex/subfloat/subfloat.sty
Package: subfloat 2003/08/21 version 2.14

Package `subfloat', Version 2.14 of 2003/08/21.

Package subfloat Warning: Numbers of floats not counted:
(subfloat)                If you use one of the counters subfloatfiguremax or
(subfloat)                subfloattablemax you will get strange error messages
(subfloat)                containing \c@subfloatfiguremax or
(subfloat)                \c@subfloattablemax:
(subfloat)                Please switch on countmax or remove the code using
(subfloat)                the counter then..

) (/usr/local/texlive/2014basic/texmf-dist/tex/latex/psnfss/helvet.sty
Package: helvet 2005/04/12 PSNFSS-v9.2a (WaS) 
)

LaTeX Warning: Unused global option(s):
    [9pt].

(./selected_alliances_summary.aux

LaTeX Warning: Label `as.matrix' multiply defined.


LaTeX Warning: Label `as.matrix' multiply defined.

)
\openout1 = `selected_alliances_summary.aux'.

LaTeX Font Info:    Checking defaults for OML/cmm/m/it on input line 11.
LaTeX Font Info:    ... okay on input line 11.
LaTeX Font Info:    Checking defaults for T1/cmr/m/n on input line 11.
LaTeX Font Info:    ... okay on input line 11.
LaTeX Font Info:    Checking defaults for OT1/cmr/m/n on input line 11.
LaTeX Font Info:    ... okay on input line 11.
LaTeX Font Info:    Checking defaults for OMS/cmsy/m/n on input line 11.
LaTeX Font Info:    ... okay on input line 11.
LaTeX Font Info:    Checking defaults for OMX/cmex/m/n on input line 11.
LaTeX Font Info:    ... okay on input line 11.
LaTeX Font Info:    Checking defaults for U/cmr/m/n on input line 11.
LaTeX Font Info:    ... okay on input line 11.
LaTeX Font Info:    Try loading font information for OT1+phv on input line 11.
 (/usr/local/texlive/2014basic/texmf-dist/tex/latex/psnfss/ot1phv.fd
File: ot1phv.fd 2001/06/04 scalable font definitions for OT1/phv.
)
LaTeX Font Info:    Font shape `OT1/phv/m/n' will be
(Font)              scaled to size 9.49997pt on input line 11.

*geometry* driver: auto-detecting
*geometry* detected driver: pdftex
*geometry* verbose mode - [ preamble ] result:
* driver: pdftex
* paper: a2paper
* layout: <same size as paper>
* layoutoffset:(h,v)=(0.0pt,0.0pt)
* modes: 
* h-part:(L,W,R)=(179.25418pt, 836.50737pt, 179.2542pt)
* v-part:(T,H,B)=(202.8133pt, 1183.06041pt, 304.21999pt)
* \paperwidth=1195.01575pt
* \paperheight=1690.09369pt
* \textwidth=836.50737pt
* \textheight=1183.06041pt
* \oddsidemargin=106.98419pt
* \evensidemargin=106.98419pt
* \topmargin=93.5433pt
* \headheight=12.0pt
* \headsep=25.0pt
* \topskip=10.0pt
* \footskip=30.0pt
* \marginparwidth=65.0pt
* \marginparsep=11.0pt
* \columnsep=10.0pt
* \skip\footins=9.0pt plus 4.0pt minus 2.0pt
* \hoffset=0.0pt
* \voffset=0.0pt
* \mag=1000
* \@twocolumnfalse
* \@twosidefalse
* \@mparswitchfalse
* \@reversemarginfalse
* (1in=72.27pt=25.4mm, 1cm=28.453pt)

LaTeX Font Info:    Font shape `OT1/phv/m/it' in size <10> not available
(Font)              Font shape `OT1/phv/m/sl' tried instead on input line 19.
LaTeX Font Info:    Font shape `OT1/phv/m/sl' will be
(Font)              scaled to size 9.49997pt on input line 19.
LaTeX Font Info:    Font shape `OT1/phv/bx/n' in size <10> not available
(Font)              Font shape `OT1/phv/b/n' tried instead on input line 28.
LaTeX Font Info:    Font shape `OT1/phv/b/n' will be
(Font)              scaled to size 9.49997pt on input line 28.
Missing character: There is no Ã in font phvr7t!
Missing character: There is no ¶ in font phvr7t!
Missing character: There is no Ã in font phvr7t!
Missing character: There is no ¶ in font phvr7t!

Underfull \hbox (badness 2237) in paragraph at lines 145--145
\OT1/phv/m/n/10 Arrhenatheretum brome-to-sum erecti: 3; Ra-nun-culo bulbosi-Arr
henatheretum: 2; Pastinaco-
 []

Missing character: There is no Ã in font phvr7t!
Missing character: There is no – in font phvr7t!
Missing character: There is no Ã in font phvr7t!
Missing character: There is no ¼ in font phvr7t!
[1

{/usr/local/texlive/2014basic/texmf-var/fonts/map/pdftex/updmap/pdftex.map}]
Missing character: There is no Ã in font phvr7t!
Missing character: There is no ¤ in font phvr7t!
Missing character: There is no Ã in font phvr7t!
Missing character: There is no – in font phvr7t!
Missing character: There is no Ã in font phvr7t!
Missing character: There is no – in font phvr7t!
Missing character: There is no Ã in font phvr7t!
Missing character: There is no – in font phvr7t!
Missing character: There is no Ã in font phvr7t!
Missing character: There is no – in font phvr7t!
Missing character: There is no Ã in font phvr7t!
Missing character: There is no ¶ in font phvr7t!
Missing character: There is no Ã in font phvr7t!
Missing character: There is no – in font phvr7t!
Missing character: There is no Ã in font phvr7t!
Missing character: There is no ¶ in font phvr7t!
Missing character: There is no Ã in font phvr7t!
Missing character: There is no œ in font phvr7t!
Missing character: There is no Ã in font phvr7t!
Missing character: There is no ¶ in font phvr7t!
Missing character: There is no Ã in font phvr7t!
Missing character: There is no ¤ in font phvr7t!
Missing character: There is no Ã in font phvr7t!
Missing character: There is no ¼ in font phvr7t!
Missing character: There is no Ã in font phvr7t!
Missing character: There is no ¼ in font phvr7t!
Missing character: There is no Ã in font phvr7t!
Missing character: There is no œ in font phvr7t!
Missing character: There is no Ã in font phvr7t!
Missing character: There is no ¼ in font phvr7t!
Missing character: There is no Ã in font phvr7t!
Missing character: There is no ¼ in font phvr7t!
Missing character: There is no Ã in font phvr7t!
Missing character: There is no ¤ in font phvr7t!
Missing character: There is no Ã in font phvr7t!
Missing character: There is no Ÿ in font phvr7t!
Missing character: There is no Ã in font phvr7t!
Missing character: There is no Ÿ in font phvr7t!
Missing character: There is no Ã in font phvr7t!
Missing character: There is no Ÿ in font phvr7t!
Missing character: There is no Ã in font phvr7t!
Missing character: There is no Ÿ in font phvr7t!
Missing character: There is no Ã in font phvr7t!
Missing character: There is no ¤ in font phvr7t!
Missing character: There is no Ã in font phvr7t!
Missing character: There is no ¶ in font phvr7t!

[2] [3]
Missing character: There is no Ã in font phvr7t!
Missing character: There is no ¶ in font phvr7t!
Missing character: There is no Ã in font phvr7t!
Missing character: There is no ¶ in font phvr7t!
Missing character: There is no Ã in font phvr7t!
Missing character: There is no – in font phvr7t!
Missing character: There is no Ã in font phvr7t!
Missing character: There is no – in font phvr7t!
Missing character: There is no Ã in font phvr7t!
Missing character: There is no ¤ in font phvr7t!
Missing character: There is no Ã in font phvr7t!
Missing character: There is no – in font phvr7t!
Missing character: There is no Ã in font phvr7t!
Missing character: There is no – in font phvr7t!
Missing character: There is no Ã in font phvr7t!
Missing character: There is no ¶ in font phvr7t!
Missing character: There is no Ã in font phvr7t!
Missing character: There is no ¼ in font phvr7t!
Missing character: There is no Ã in font phvr7t!
Missing character: There is no ¤ in font phvr7t!
Missing character: There is no Ã in font phvr7t!
Missing character: There is no ¤ in font phvr7t!
Missing character: There is no Ã in font phvr7t!
Missing character: There is no ¼ in font phvr7t!
Missing character: There is no Ã in font phvr7t!
Missing character: There is no ¶ in font phvr7t!
Missing character: There is no Ã in font phvr7t!
Missing character: There is no ¼ in font phvr7t!
Missing character: There is no Ã in font phvr7t!
Missing character: There is no ¼ in font phvr7t!
Missing character: There is no Ã in font phvr7t!
Missing character: There is no ¶ in font phvr7t!
Missing character: There is no Ã in font phvr7t!
Missing character: There is no ¼ in font phvr7t!
Missing character: There is no Ã in font phvr7t!
Missing character: There is no ¶ in font phvr7t!
Missing character: There is no Ã in font phvr7t!
Missing character: There is no ¶ in font phvr7t!
Missing character: There is no Ã in font phvr7t!
Missing character: There is no ¶ in font phvr7t!
Missing character: There is no Ã in font phvr7t!
Missing character: There is no ¤ in font phvr7t!
Missing character: There is no Ã in font phvr7t!
Missing character: There is no Ÿ in font phvr7t!
Missing character: There is no Ã in font phvr7t!
Missing character: There is no ¼ in font phvr7t!
Missing character: There is no Ã in font phvr7t!
Missing character: There is no ¼ in font phvr7t!
Missing character: There is no Ã in font phvr7t!
Missing character: There is no ¼ in font phvr7t!
Missing character: There is no Ã in font phvr7t!
Missing character: There is no ¶ in font phvr7t!
Missing character: There is no Ã in font phvr7t!
Missing character: There is no ¶ in font phvr7t!
Missing character: There is no Ã in font phvr7t!
Missing character: There is no ¶ in font phvr7t!
Missing character: There is no Ã in font phvr7t!
Missing character: There is no ¶ in font phvr7t!
Missing character: There is no Ã in font phvr7t!
Missing character: There is no ¶ in font phvr7t!
Missing character: There is no Ã in font phvr7t!
Missing character: There is no ¶ in font phvr7t!
Missing character: There is no Ã in font phvr7t!
Missing character: There is no ¼ in font phvr7t!
Missing character: There is no Ã in font phvr7t!
Missing character: There is no ¶ in font phvr7t!
Missing character: There is no Ã in font phvr7t!
Missing character: There is no ¶ in font phvr7t!
Missing character: There is no Ã in font phvr7t!
Missing character: There is no ¶ in font phvr7t!
Missing character: There is no Ã in font phvr7t!
Missing character: There is no ¶ in font phvr7t!
Missing character: There is no Ã in font phvr7t!
Missing character: There is no ¤ in font phvr7t!
Missing character: There is no Ã in font phvr7t!
Missing character: There is no ¤ in font phvr7t!
Missing character: There is no Ã in font phvr7t!
Missing character: There is no ¼ in font phvr7t!
Missing character: There is no Ã in font phvr7t!
Missing character: There is no ¼ in font phvr7t!
Missing character: There is no Ã in font phvr7t!
Missing character: There is no ¼ in font phvr7t!
Missing character: There is no Ã in font phvr7t!
Missing character: There is no ¼ in font phvr7t!
Missing character: There is no Ã in font phvr7t!
Missing character: There is no ¼ in font phvr7t!
Missing character: There is no Ã in font phvr7t!
Missing character: There is no ¼ in font phvr7t!
Missing character: There is no Ã in font phvr7t!
Missing character: There is no ¼ in font phvr7t!
Missing character: There is no Ã in font phvr7t!
Missing character: There is no Ÿ in font phvr7t!
Missing character: There is no Ã in font phvr7t!
Missing character: There is no Ÿ in font phvr7t!
Missing character: There is no Ã in font phvr7t!
Missing character: There is no Ÿ in font phvr7t!
Missing character: There is no Ã in font phvr7t!
Missing character: There is no Ÿ in font phvr7t!
Missing character: There is no Ã in font phvr7t!
Missing character: There is no Ÿ in font phvr7t!
Missing character: There is no Ã in font phvr7t!
Missing character: There is no ¤ in font phvr7t!
Missing character: There is no Ã in font phvr7t!
Missing character: There is no ¶ in font phvr7t!
Missing character: There is no Ã in font phvr7t!
Missing character: There is no ¶ in font phvr7t!
Missing character: There is no Ã in font phvr7t!
Missing character: There is no ¤ in font phvr7t!
Missing character: There is no Ã in font phvr7t!
Missing character: There is no ¶ in font phvr7t!
Missing character: There is no Ã in font phvr7t!
Missing character: There is no ¤ in font phvr7t!
Missing character: There is no Ã in font phvr7t!
Missing character: There is no ¤ in font phvr7t!
Missing character: There is no Ã in font phvr7t!
Missing character: There is no ¼ in font phvr7t!
Missing character: There is no Ã in font phvr7t!
Missing character: There is no ¶ in font phvr7t!
 [4] [5] [6]
Missing character: There is no Ã in font phvr7t!
Missing character: There is no – in font phvr7t!
Missing character: There is no Ã in font phvr7t!
Missing character: There is no ¼ in font phvr7t!
Missing character: There is no Ã in font phvr7t!
Missing character: There is no ¤ in font phvr7t!
Missing character: There is no Ã in font phvr7t!
Missing character: There is no – in font phvr7t!
Missing character: There is no Ã in font phvr7t!
Missing character: There is no – in font phvr7t!
Missing character: There is no Ã in font phvr7t!
Missing character: There is no ¤ in font phvr7t!
Missing character: There is no Ã in font phvr7t!
Missing character: There is no ¶ in font phvr7t!
 [7] [8] (./selected_alliances_summary.aux)

LaTeX Warning: There were multiply-defined labels.

 ) 
Here is how much of TeX's memory you used:
 1399 strings out of 494522
 19385 string characters out of 6167204
 189179 words of memory out of 5000000
 4688 multiletter control sequences out of 15000+600000
 8919 words of font info for 20 fonts, out of 8000000 for 9000
 319 hyphenation exceptions out of 8191
 28i,6n,25p,7062b,222s stack positions out of 5000i,500n,10000p,200000b,80000s
{/usr/local/texlive/2014basic/texmf-dist/fonts/enc/dvips/base/8r.enc}</usr/lo
cal/texlive/2014basic/texmf-dist/fonts/type1/urw/helvetic/uhvb8a.pfb></usr/loca
l/texlive/2014basic/texmf-dist/fonts/type1/urw/helvetic/uhvr8a.pfb></usr/local/
texlive/2014basic/texmf-dist/fonts/type1/urw/helvetic/uhvro8a.pfb>
Output written on selected_alliances_summary.pdf (8 pages, 52042 bytes).
PDF statistics:
 44 PDF objects out of 1000 (max. 8388607)
 30 compressed objects within 1 object stream
 0 named destinations out of 1000 (max. 500000)
 1 words of extra memory for PDF output out of 10000 (max. 10000000)

